<?xml version="1.0" encoding="UTF-8"?>
<robot generator="Robot 2.8.5 (Jython 2.5.3 on java1.8.0_05)" generated="20140917 18:43:15.075">
<suite source="C:\Users\Joshua\Documents\GitHub\jsu-mcis-cs310-tictactoe\TicTacToe\acceptance\TicTacToeGUITests.txt" name="TicTacToeGUITests" id="s1">
<test name="Win Main Diagonally as X" id="s1-t1">
<kw type="kw" name="Start New Game">
<doc></doc>
<arguments>
</arguments>
<kw type="kw" name="Start Application">
<doc></doc>
<arguments>
<arg>edu.jsu.mcis.TicTacToeGame</arg>
</arguments>
<msg level="FAIL" timestamp="20140917 18:43:15.883">No keyword with name 'Start Application' found.</msg>
<status endtime="20140917 18:43:15.884" starttime="20140917 18:43:15.879" status="FAIL"></status>
</kw>
<status endtime="20140917 18:43:15.887" starttime="20140917 18:43:15.868" status="FAIL"></status>
</kw>
<doc></doc>
<tags>
</tags>
<status critical="yes" endtime="20140917 18:43:15.890" starttime="20140917 18:43:15.859" status="FAIL">No keyword with name 'Start Application' found.</status>
</test>
<test name="Win Reverse Diagonally as O" id="s1-t2">
<kw type="kw" name="Start New Game">
<doc></doc>
<arguments>
</arguments>
<kw type="kw" name="Start Application">
<doc></doc>
<arguments>
<arg>edu.jsu.mcis.TicTacToeGame</arg>
</arguments>
<msg level="FAIL" timestamp="20140917 18:43:15.917">No keyword with name 'Start Application' found.</msg>
<status endtime="20140917 18:43:15.918" starttime="20140917 18:43:15.914" status="FAIL"></status>
</kw>
<status endtime="20140917 18:43:15.920" starttime="20140917 18:43:15.906" status="FAIL"></status>
</kw>
<doc></doc>
<tags>
</tags>
<status critical="yes" endtime="20140917 18:43:15.923" starttime="20140917 18:43:15.897" status="FAIL">No keyword with name 'Start Application' found.</status>
</test>
<test name="Win First Vertically as X" id="s1-t3">
<kw type="kw" name="Start New Game">
<doc></doc>
<arguments>
</arguments>
<kw type="kw" name="Start Application">
<doc></doc>
<arguments>
<arg>edu.jsu.mcis.TicTacToeGame</arg>
</arguments>
<msg level="FAIL" timestamp="20140917 18:43:15.944">No keyword with name 'Start Application' found.</msg>
<status endtime="20140917 18:43:15.946" starttime="20140917 18:43:15.942" status="FAIL"></status>
</kw>
<status endtime="20140917 18:43:15.948" starttime="20140917 18:43:15.936" status="FAIL"></status>
</kw>
<doc></doc>
<tags>
</tags>
<status critical="yes" endtime="20140917 18:43:15.951" starttime="20140917 18:43:15.929" status="FAIL">No keyword with name 'Start Application' found.</status>
</test>
<test name="Win Second Vertically as X" id="s1-t4">
<kw type="kw" name="Start New Game">
<doc></doc>
<arguments>
</arguments>
<kw type="kw" name="Start Application">
<doc></doc>
<arguments>
<arg>edu.jsu.mcis.TicTacToeGame</arg>
</arguments>
<msg level="FAIL" timestamp="20140917 18:43:15.973">No keyword with name 'Start Application' found.</msg>
<status endtime="20140917 18:43:15.974" starttime="20140917 18:43:15.970" status="FAIL"></status>
</kw>
<status endtime="20140917 18:43:15.976" starttime="20140917 18:43:15.965" status="FAIL"></status>
</kw>
<doc></doc>
<tags>
</tags>
<status critical="yes" endtime="20140917 18:43:15.980" starttime="20140917 18:43:15.956" status="FAIL">No keyword with name 'Start Application' found.</status>
</test>
<test name="Win Third Vertically as O" id="s1-t5">
<kw type="kw" name="Start New Game">
<doc></doc>
<arguments>
</arguments>
<kw type="kw" name="Start Application">
<doc></doc>
<arguments>
<arg>edu.jsu.mcis.TicTacToeGame</arg>
</arguments>
<msg level="FAIL" timestamp="20140917 18:43:16.003">No keyword with name 'Start Application' found.</msg>
<status endtime="20140917 18:43:16.005" starttime="20140917 18:43:16.000" status="FAIL"></status>
</kw>
<status endtime="20140917 18:43:16.008" starttime="20140917 18:43:15.994" status="FAIL"></status>
</kw>
<doc></doc>
<tags>
</tags>
<status critical="yes" endtime="20140917 18:43:16.015" starttime="20140917 18:43:15.986" status="FAIL">No keyword with name 'Start Application' found.</status>
</test>
<test name="Win First Horizontally as X" id="s1-t6">
<kw type="kw" name="Start New Game">
<doc></doc>
<arguments>
</arguments>
<kw type="kw" name="Start Application">
<doc></doc>
<arguments>
<arg>edu.jsu.mcis.TicTacToeGame</arg>
</arguments>
<msg level="FAIL" timestamp="20140917 18:43:16.033">No keyword with name 'Start Application' found.</msg>
<status endtime="20140917 18:43:16.034" starttime="20140917 18:43:16.031" status="FAIL"></status>
</kw>
<status endtime="20140917 18:43:16.036" starttime="20140917 18:43:16.025" status="FAIL"></status>
</kw>
<doc></doc>
<tags>
</tags>
<status critical="yes" endtime="20140917 18:43:16.039" starttime="20140917 18:43:16.020" status="FAIL">No keyword with name 'Start Application' found.</status>
</test>
<test name="Win Second Horizontally as O" id="s1-t7">
<kw type="kw" name="Start New Game">
<doc></doc>
<arguments>
</arguments>
<kw type="kw" name="Start Application">
<doc></doc>
<arguments>
<arg>edu.jsu.mcis.TicTacToeGame</arg>
</arguments>
<msg level="FAIL" timestamp="20140917 18:43:16.058">No keyword with name 'Start Application' found.</msg>
<status endtime="20140917 18:43:16.059" starttime="20140917 18:43:16.056" status="FAIL"></status>
</kw>
<status endtime="20140917 18:43:16.061" starttime="20140917 18:43:16.051" status="FAIL"></status>
</kw>
<doc></doc>
<tags>
</tags>
<status critical="yes" endtime="20140917 18:43:16.064" starttime="20140917 18:43:16.045" status="FAIL">No keyword with name 'Start Application' found.</status>
</test>
<test name="Win Third Horizontally as O" id="s1-t8">
<kw type="kw" name="Start New Game">
<doc></doc>
<arguments>
</arguments>
<kw type="kw" name="Start Application">
<doc></doc>
<arguments>
<arg>edu.jsu.mcis.TicTacToeGame</arg>
</arguments>
<msg level="FAIL" timestamp="20140917 18:43:16.085">No keyword with name 'Start Application' found.</msg>
<status endtime="20140917 18:43:16.086" starttime="20140917 18:43:16.083" status="FAIL"></status>
</kw>
<status endtime="20140917 18:43:16.088" starttime="20140917 18:43:16.077" status="FAIL"></status>
</kw>
<doc></doc>
<tags>
</tags>
<status critical="yes" endtime="20140917 18:43:16.091" starttime="20140917 18:43:16.070" status="FAIL">No keyword with name 'Start Application' found.</status>
</test>
<test name="Force a Tie" id="s1-t9">
<kw type="kw" name="Start New Game">
<doc></doc>
<arguments>
</arguments>
<kw type="kw" name="Start Application">
<doc></doc>
<arguments>
<arg>edu.jsu.mcis.TicTacToeGame</arg>
</arguments>
<msg level="FAIL" timestamp="20140917 18:43:16.128">No keyword with name 'Start Application' found.</msg>
<status endtime="20140917 18:43:16.129" starttime="20140917 18:43:16.118" status="FAIL"></status>
</kw>
<status endtime="20140917 18:43:16.132" starttime="20140917 18:43:16.107" status="FAIL"></status>
</kw>
<doc></doc>
<tags>
</tags>
<status critical="yes" endtime="20140917 18:43:16.137" starttime="20140917 18:43:16.097" status="FAIL">No keyword with name 'Start Application' found.</status>
</test>
<doc></doc>
<metadata>
</metadata>
<status endtime="20140917 18:43:16.150" starttime="20140917 18:43:15.084" status="FAIL"></status>
</suite>
<statistics>
<total>
<stat pass="0" fail="9">Critical Tests</stat>
<stat pass="0" fail="9">All Tests</stat>
</total>
<tag>
</tag>
<suite>
<stat pass="0" fail="9" name="TicTacToeGUITests" id="s1">TicTacToeGUITests</stat>
</suite>
</statistics>
<errors>
<msg level="ERROR" timestamp="20140917 18:43:15.849">Error in file 'C:\Users\Joshua\Documents\GitHub\jsu-mcis-cs310-tictactoe\TicTacToe\acceptance\TicTacToeGUITests.txt': Importing test library 'SwingLibrary' failed: ImportError: No module named SwingLibrary
Traceback (most recent call last):
  None
PYTHONPATH:
  C:\robotframework\robotframework-2.8.5.jar\Lib\robot\libraries
  C:\robotframework\robotframework-2.8.5.jar\Lib
  C:\robotframework\Lib
  __classpath__
  __pyclasspath__/
  .
  C:\Users\Joshua\Documents\GitHub\jsu-mcis-cs310-tictactoe\TicTacToe\acceptance
CLASSPATH:
  .
  ..\build\classes\main
  C:\RobotFramework\robotframework-2.8.5.jar</msg>
</errors>
</robot>
